CRITICAL - 2025-01-19 04:36:53 --> ParseError: Unclosed '{' on line 113
[Method: GET, Route: AddEmployee]
in APPPATH/Views/Master/Employee/add.php on line 171.
 1 SYSTEMPATH/View/View.php(237): CodeIgniter\View\View->CodeIgniter\View\{closure}()
 2 SYSTEMPATH/Common.php(1171): CodeIgniter\View\View->render('Master/Employee/add', [], true)
 3 APPPATH/Controllers/Master/EmployeeController.php(31): view('Master/Employee/add', [...])
 4 SYSTEMPATH/CodeIgniter.php(933): App\Controllers\Master\EmployeeController->AddEmployee()
 5 SYSTEMPATH/CodeIgniter.php(509): CodeIgniter\CodeIgniter->runController(Object(App\Controllers\Master\EmployeeController))
 6 SYSTEMPATH/CodeIgniter.php(355): CodeIgniter\CodeIgniter->handleRequest(null, Object(Config\Cache), false)
 7 SYSTEMPATH/Boot.php(334): CodeIgniter\CodeIgniter->run()
 8 SYSTEMPATH/Boot.php(67): CodeIgniter\Boot::runCodeIgniter(Object(CodeIgniter\CodeIgniter))
 9 FCPATH/index.php(56): CodeIgniter\Boot::bootWeb(Object(Config\Paths))
CRITICAL - 2025-01-19 10:34:00 --> ErrorException: Undefined variable $dept_list
[Method: POST, Route: store_emp]
in APPPATH/Views/Master/Employee/add.php on line 84.
 1 APPPATH/Views/Master/Employee/add.php(84): CodeIgniter\Debug\Exceptions->errorHandler(2, 'Undefined variable $dept_list', '/home/sitsolutionsco/public_html/fts.sitsolutions.co.in/app/Views/Master/Employee/add.php', 84)
 2 SYSTEMPATH/View/View.php(234): include('/home/sitsolutionsco/public_html/fts.sitsolutions.co.in/app/Views/Master/Employee/add.php')
 3 SYSTEMPATH/View/View.php(237): CodeIgniter\View\View->CodeIgniter\View\{closure}()
 4 SYSTEMPATH/Common.php(1171): CodeIgniter\View\View->render('Master/Employee/add', [], true)
 5 APPPATH/Controllers/Master/EmployeeController.php(77): view('Master/Employee/add', [...])
 6 SYSTEMPATH/CodeIgniter.php(933): App\Controllers\Master\EmployeeController->store_emp()
 7 SYSTEMPATH/CodeIgniter.php(509): CodeIgniter\CodeIgniter->runController(Object(App\Controllers\Master\EmployeeController))
 8 SYSTEMPATH/CodeIgniter.php(355): CodeIgniter\CodeIgniter->handleRequest(null, Object(Config\Cache), false)
 9 SYSTEMPATH/Boot.php(334): CodeIgniter\CodeIgniter->run()
10 SYSTEMPATH/Boot.php(67): CodeIgniter\Boot::runCodeIgniter(Object(CodeIgniter\CodeIgniter))
11 FCPATH/index.php(56): CodeIgniter\Boot::bootWeb(Object(Config\Paths))
CRITICAL - 2025-01-19 10:37:51 --> ErrorException: Undefined array key "name"
[Method: GET, Route: Designation]
in APPPATH/Views/Include/header.php on line 53.
 1 APPPATH/Views/Include/header.php(53): CodeIgniter\Debug\Exceptions->errorHandler(2, 'Undefined array key "name"', '/home/sitsolutionsco/public_html/fts.sitsolutions.co.in/app/Views/Include/header.php', 53)
 2 SYSTEMPATH/View/View.php(234): include('/home/sitsolutionsco/public_html/fts.sitsolutions.co.in/app/Views/Include/header.php')
 3 SYSTEMPATH/View/View.php(237): CodeIgniter\View\View->CodeIgniter\View\{closure}()
 4 SYSTEMPATH/Common.php(1171): CodeIgniter\View\View->render('Include/header', [], true)
 5 APPPATH/Views/Master/Designation/view.php(14): view('Include/header')
 6 SYSTEMPATH/View/View.php(234): include('/home/sitsolutionsco/public_html/fts.sitsolutions.co.in/app/Views/Master/Designation/view.php')
 7 SYSTEMPATH/View/View.php(237): CodeIgniter\View\View->CodeIgniter\View\{closure}()
 8 SYSTEMPATH/Common.php(1171): CodeIgniter\View\View->render('Master/Designation/view', [], true)
 9 APPPATH/Controllers/Master/MasterController.php(154): view('Master/Designation/view', [...])
10 SYSTEMPATH/CodeIgniter.php(933): App\Controllers\Master\MasterController->Designation()
11 SYSTEMPATH/CodeIgniter.php(509): CodeIgniter\CodeIgniter->runController(Object(App\Controllers\Master\MasterController))
12 SYSTEMPATH/CodeIgniter.php(355): CodeIgniter\CodeIgniter->handleRequest(null, Object(Config\Cache), false)
13 SYSTEMPATH/Boot.php(334): CodeIgniter\CodeIgniter->run()
14 SYSTEMPATH/Boot.php(67): CodeIgniter\Boot::runCodeIgniter(Object(CodeIgniter\CodeIgniter))
15 FCPATH/index.php(56): CodeIgniter\Boot::bootWeb(Object(Config\Paths))
CRITICAL - 2025-01-19 14:56:17 --> ErrorException: Undefined array key "name"
[Method: GET, Route: AddEmployee]
in APPPATH/Views/Include/header.php on line 53.
 1 APPPATH/Views/Include/header.php(53): CodeIgniter\Debug\Exceptions->errorHandler(2, 'Undefined array key "name"', '/home/sitsolutionsco/public_html/fts.sitsolutions.co.in/app/Views/Include/header.php', 53)
 2 SYSTEMPATH/View/View.php(234): include('/home/sitsolutionsco/public_html/fts.sitsolutions.co.in/app/Views/Include/header.php')
 3 SYSTEMPATH/View/View.php(237): CodeIgniter\View\View->CodeIgniter\View\{closure}()
 4 SYSTEMPATH/Common.php(1171): CodeIgniter\View\View->render('Include/header', [], true)
 5 APPPATH/Views/Master/Employee/add.php(14): view('Include/header')
 6 SYSTEMPATH/View/View.php(234): include('/home/sitsolutionsco/public_html/fts.sitsolutions.co.in/app/Views/Master/Employee/add.php')
 7 SYSTEMPATH/View/View.php(237): CodeIgniter\View\View->CodeIgniter\View\{closure}()
 8 SYSTEMPATH/Common.php(1171): CodeIgniter\View\View->render('Master/Employee/add', [], true)
 9 APPPATH/Controllers/Master/EmployeeController.php(31): view('Master/Employee/add', [...])
10 SYSTEMPATH/CodeIgniter.php(933): App\Controllers\Master\EmployeeController->AddEmployee()
11 SYSTEMPATH/CodeIgniter.php(509): CodeIgniter\CodeIgniter->runController(Object(App\Controllers\Master\EmployeeController))
12 SYSTEMPATH/CodeIgniter.php(355): CodeIgniter\CodeIgniter->handleRequest(null, Object(Config\Cache), false)
13 SYSTEMPATH/Boot.php(334): CodeIgniter\CodeIgniter->run()
14 SYSTEMPATH/Boot.php(67): CodeIgniter\Boot::runCodeIgniter(Object(CodeIgniter\CodeIgniter))
15 FCPATH/index.php(56): CodeIgniter\Boot::bootWeb(Object(Config\Paths))
CRITICAL - 2025-01-19 15:00:26 --> ErrorException: Undefined array key "name"
[Method: GET, Route: Vibhag]
in APPPATH/Views/Include/header.php on line 53.
 1 APPPATH/Views/Include/header.php(53): CodeIgniter\Debug\Exceptions->errorHandler(2, 'Undefined array key "name"', '/home/sitsolutionsco/public_html/fts.sitsolutions.co.in/app/Views/Include/header.php', 53)
 2 SYSTEMPATH/View/View.php(234): include('/home/sitsolutionsco/public_html/fts.sitsolutions.co.in/app/Views/Include/header.php')
 3 SYSTEMPATH/View/View.php(237): CodeIgniter\View\View->CodeIgniter\View\{closure}()
 4 SYSTEMPATH/Common.php(1171): CodeIgniter\View\View->render('Include/header', [], true)
 5 APPPATH/Views/Master/Vibhag/view.php(14): view('Include/header')
 6 SYSTEMPATH/View/View.php(234): include('/home/sitsolutionsco/public_html/fts.sitsolutions.co.in/app/Views/Master/Vibhag/view.php')
 7 SYSTEMPATH/View/View.php(237): CodeIgniter\View\View->CodeIgniter\View\{closure}()
 8 SYSTEMPATH/Common.php(1171): CodeIgniter\View\View->render('Master/Vibhag/view', [], true)
 9 APPPATH/Controllers/Master/VibhagController.php(24): view('Master/Vibhag/view', [...])
10 SYSTEMPATH/CodeIgniter.php(933): App\Controllers\Master\VibhagController->Vibhag()
11 SYSTEMPATH/CodeIgniter.php(509): CodeIgniter\CodeIgniter->runController(Object(App\Controllers\Master\VibhagController))
12 SYSTEMPATH/CodeIgniter.php(355): CodeIgniter\CodeIgniter->handleRequest(null, Object(Config\Cache), false)
13 SYSTEMPATH/Boot.php(334): CodeIgniter\CodeIgniter->run()
14 SYSTEMPATH/Boot.php(67): CodeIgniter\Boot::runCodeIgniter(Object(CodeIgniter\CodeIgniter))
15 FCPATH/index.php(56): CodeIgniter\Boot::bootWeb(Object(Config\Paths))
CRITICAL - 2025-01-19 19:44:56 --> ErrorException: Undefined array key "name"
[Method: GET, Route: adminDashboard]
in APPPATH/Views/Include/header.php on line 53.
 1 APPPATH/Views/Include/header.php(53): CodeIgniter\Debug\Exceptions->errorHandler(2, 'Undefined array key "name"', '/home/sitsolutionsco/public_html/fts.sitsolutions.co.in/app/Views/Include/header.php', 53)
 2 SYSTEMPATH/View/View.php(234): include('/home/sitsolutionsco/public_html/fts.sitsolutions.co.in/app/Views/Include/header.php')
 3 SYSTEMPATH/View/View.php(237): CodeIgniter\View\View->CodeIgniter\View\{closure}()
 4 SYSTEMPATH/Common.php(1171): CodeIgniter\View\View->render('Include/header', [], true)
 5 APPPATH/Views/Dashboard/adminDashboard.php(10): view('Include/header')
 6 SYSTEMPATH/View/View.php(234): include('/home/sitsolutionsco/public_html/fts.sitsolutions.co.in/app/Views/Dashboard/adminDashboard.php')
 7 SYSTEMPATH/View/View.php(237): CodeIgniter\View\View->CodeIgniter\View\{closure}()
 8 SYSTEMPATH/Common.php(1171): CodeIgniter\View\View->render('Dashboard/adminDashboard', [], true)
 9 APPPATH/Controllers/Dashboard/DashboardController.php(21): view('Dashboard/adminDashboard')
10 SYSTEMPATH/CodeIgniter.php(933): App\Controllers\Dashboard\DashboardController->adminDashboard()
11 SYSTEMPATH/CodeIgniter.php(509): CodeIgniter\CodeIgniter->runController(Object(App\Controllers\Dashboard\DashboardController))
12 SYSTEMPATH/CodeIgniter.php(355): CodeIgniter\CodeIgniter->handleRequest(null, Object(Config\Cache), false)
13 SYSTEMPATH/Boot.php(334): CodeIgniter\CodeIgniter->run()
14 SYSTEMPATH/Boot.php(67): CodeIgniter\Boot::runCodeIgniter(Object(CodeIgniter\CodeIgniter))
15 FCPATH/index.php(56): CodeIgniter\Boot::bootWeb(Object(Config\Paths))
