CRITICAL - 2025-01-15 12:07:10 --> Error: Class "App\Models\Master\AssigneeModel" not found
[Method: GET, Route: AssigneeForm]
in APPPATH/Controllers/Master/AssigneeController.php on line 15.
 1 SYSTEMPATH/CodeIgniter.php(903): App\Controllers\Master\AssigneeController->__construct()
 2 SYSTEMPATH/CodeIgniter.php(500): CodeIgniter\CodeIgniter->createController()
 3 SYSTEMPATH/CodeIgniter.php(355): CodeIgniter\CodeIgniter->handleRequest(null, Object(Config\Cache), false)
 4 SYSTEMPATH/Boot.php(334): CodeIgniter\CodeIgniter->run()
 5 SYSTEMPATH/Boot.php(67): CodeIgniter\Boot::runCodeIgniter(Object(CodeIgniter\CodeIgniter))
 6 FCPATH/index.php(56): CodeIgniter\Boot::bootWeb(Object(Config\Paths))
CRITICAL - 2025-01-15 12:07:37 --> Error: Class "App\Models\Master\AssigneeModel" not found
[Method: GET, Route: AssigneeForm]
in APPPATH/Controllers/Master/AssigneeController.php on line 15.
 1 SYSTEMPATH/CodeIgniter.php(903): App\Controllers\Master\AssigneeController->__construct()
 2 SYSTEMPATH/CodeIgniter.php(500): CodeIgniter\CodeIgniter->createController()
 3 SYSTEMPATH/CodeIgniter.php(355): CodeIgniter\CodeIgniter->handleRequest(null, Object(Config\Cache), false)
 4 SYSTEMPATH/Boot.php(334): CodeIgniter\CodeIgniter->run()
 5 SYSTEMPATH/Boot.php(67): CodeIgniter\Boot::runCodeIgniter(Object(CodeIgniter\CodeIgniter))
 6 FCPATH/index.php(56): CodeIgniter\Boot::bootWeb(Object(Config\Paths))
CRITICAL - 2025-01-15 12:07:38 --> Error: Class "App\Models\Master\AssigneeModel" not found
[Method: GET, Route: AssigneeForm]
in APPPATH/Controllers/Master/AssigneeController.php on line 15.
 1 SYSTEMPATH/CodeIgniter.php(903): App\Controllers\Master\AssigneeController->__construct()
 2 SYSTEMPATH/CodeIgniter.php(500): CodeIgniter\CodeIgniter->createController()
 3 SYSTEMPATH/CodeIgniter.php(355): CodeIgniter\CodeIgniter->handleRequest(null, Object(Config\Cache), false)
 4 SYSTEMPATH/Boot.php(334): CodeIgniter\CodeIgniter->run()
 5 SYSTEMPATH/Boot.php(67): CodeIgniter\Boot::runCodeIgniter(Object(CodeIgniter\CodeIgniter))
 6 FCPATH/index.php(56): CodeIgniter\Boot::bootWeb(Object(Config\Paths))
