CRITICAL - 2025-02-02 13:04:25 --> ErrorException: Undefined array key "name"
[Method: GET, Route: RejectionReason]
in APPPATH/Views/Include/header.php on line 53.
 1 APPPATH/Views/Include/header.php(53): CodeIgniter\Debug\Exceptions->errorHandler(2, 'Undefined array key "name"', '/home/sitsolutionsco/public_html/fts.sitsolutions.co.in/app/Views/Include/header.php', 53)
 2 SYSTEMPATH/View/View.php(234): include('/home/sitsolutionsco/public_html/fts.sitsolutions.co.in/app/Views/Include/header.php')
 3 SYSTEMPATH/View/View.php(237): CodeIgniter\View\View->CodeIgniter\View\{closure}()
 4 SYSTEMPATH/Common.php(1171): CodeIgniter\View\View->render('Include/header', [], true)
 5 APPPATH/Views/Master/RejectionReason/view.php(14): view('Include/header')
 6 SYSTEMPATH/View/View.php(234): include('/home/sitsolutionsco/public_html/fts.sitsolutions.co.in/app/Views/Master/RejectionReason/view.php')
 7 SYSTEMPATH/View/View.php(237): CodeIgniter\View\View->CodeIgniter\View\{closure}()
 8 SYSTEMPATH/Common.php(1171): CodeIgniter\View\View->render('Master/RejectionReason/view', [], true)
 9 APPPATH/Controllers/Master/MasterController.php(212): view('Master/RejectionReason/view', [...])
10 SYSTEMPATH/CodeIgniter.php(933): App\Controllers\Master\MasterController->RejectionReason()
11 SYSTEMPATH/CodeIgniter.php(509): CodeIgniter\CodeIgniter->runController(Object(App\Controllers\Master\MasterController))
12 SYSTEMPATH/CodeIgniter.php(355): CodeIgniter\CodeIgniter->handleRequest(null, Object(Config\Cache), false)
13 SYSTEMPATH/Boot.php(334): CodeIgniter\CodeIgniter->run()
14 SYSTEMPATH/Boot.php(67): CodeIgniter\Boot::runCodeIgniter(Object(CodeIgniter\CodeIgniter))
15 FCPATH/index.php(56): CodeIgniter\Boot::bootWeb(Object(Config\Paths))
CRITICAL - 2025-02-02 20:26:18 --> ErrorException: Undefined array key "name"
[Method: GET, Route: RejectionReason]
in APPPATH/Views/Include/header.php on line 53.
 1 APPPATH/Views/Include/header.php(53): CodeIgniter\Debug\Exceptions->errorHandler(2, 'Undefined array key "name"', '/home/sitsolutionsco/public_html/fts.sitsolutions.co.in/app/Views/Include/header.php', 53)
 2 SYSTEMPATH/View/View.php(234): include('/home/sitsolutionsco/public_html/fts.sitsolutions.co.in/app/Views/Include/header.php')
 3 SYSTEMPATH/View/View.php(237): CodeIgniter\View\View->CodeIgniter\View\{closure}()
 4 SYSTEMPATH/Common.php(1171): CodeIgniter\View\View->render('Include/header', [], true)
 5 APPPATH/Views/Master/RejectionReason/view.php(14): view('Include/header')
 6 SYSTEMPATH/View/View.php(234): include('/home/sitsolutionsco/public_html/fts.sitsolutions.co.in/app/Views/Master/RejectionReason/view.php')
 7 SYSTEMPATH/View/View.php(237): CodeIgniter\View\View->CodeIgniter\View\{closure}()
 8 SYSTEMPATH/Common.php(1171): CodeIgniter\View\View->render('Master/RejectionReason/view', [], true)
 9 APPPATH/Controllers/Master/MasterController.php(212): view('Master/RejectionReason/view', [...])
10 SYSTEMPATH/CodeIgniter.php(933): App\Controllers\Master\MasterController->RejectionReason()
11 SYSTEMPATH/CodeIgniter.php(509): CodeIgniter\CodeIgniter->runController(Object(App\Controllers\Master\MasterController))
12 SYSTEMPATH/CodeIgniter.php(355): CodeIgniter\CodeIgniter->handleRequest(null, Object(Config\Cache), false)
13 SYSTEMPATH/Boot.php(334): CodeIgniter\CodeIgniter->run()
14 SYSTEMPATH/Boot.php(67): CodeIgniter\Boot::runCodeIgniter(Object(CodeIgniter\CodeIgniter))
15 FCPATH/index.php(56): CodeIgniter\Boot::bootWeb(Object(Config\Paths))
CRITICAL - 2025-02-02 20:27:13 --> ErrorException: Undefined array key "name"
[Method: GET, Route: Vibhag]
in APPPATH/Views/Include/header.php on line 53.
 1 APPPATH/Views/Include/header.php(53): CodeIgniter\Debug\Exceptions->errorHandler(2, 'Undefined array key "name"', '/home/sitsolutionsco/public_html/fts.sitsolutions.co.in/app/Views/Include/header.php', 53)
 2 SYSTEMPATH/View/View.php(234): include('/home/sitsolutionsco/public_html/fts.sitsolutions.co.in/app/Views/Include/header.php')
 3 SYSTEMPATH/View/View.php(237): CodeIgniter\View\View->CodeIgniter\View\{closure}()
 4 SYSTEMPATH/Common.php(1171): CodeIgniter\View\View->render('Include/header', [], true)
 5 APPPATH/Views/Master/Vibhag/view.php(14): view('Include/header')
 6 SYSTEMPATH/View/View.php(234): include('/home/sitsolutionsco/public_html/fts.sitsolutions.co.in/app/Views/Master/Vibhag/view.php')
 7 SYSTEMPATH/View/View.php(237): CodeIgniter\View\View->CodeIgniter\View\{closure}()
 8 SYSTEMPATH/Common.php(1171): CodeIgniter\View\View->render('Master/Vibhag/view', [], true)
 9 APPPATH/Controllers/Master/VibhagController.php(24): view('Master/Vibhag/view', [...])
10 SYSTEMPATH/CodeIgniter.php(933): App\Controllers\Master\VibhagController->Vibhag()
11 SYSTEMPATH/CodeIgniter.php(509): CodeIgniter\CodeIgniter->runController(Object(App\Controllers\Master\VibhagController))
12 SYSTEMPATH/CodeIgniter.php(355): CodeIgniter\CodeIgniter->handleRequest(null, Object(Config\Cache), false)
13 SYSTEMPATH/Boot.php(334): CodeIgniter\CodeIgniter->run()
14 SYSTEMPATH/Boot.php(67): CodeIgniter\Boot::runCodeIgniter(Object(CodeIgniter\CodeIgniter))
15 FCPATH/index.php(56): CodeIgniter\Boot::bootWeb(Object(Config\Paths))
CRITICAL - 2025-02-02 20:27:14 --> ErrorException: Undefined array key "name"
[Method: GET, Route: Department]
in APPPATH/Views/Include/header.php on line 53.
 1 APPPATH/Views/Include/header.php(53): CodeIgniter\Debug\Exceptions->errorHandler(2, 'Undefined array key "name"', '/home/sitsolutionsco/public_html/fts.sitsolutions.co.in/app/Views/Include/header.php', 53)
 2 SYSTEMPATH/View/View.php(234): include('/home/sitsolutionsco/public_html/fts.sitsolutions.co.in/app/Views/Include/header.php')
 3 SYSTEMPATH/View/View.php(237): CodeIgniter\View\View->CodeIgniter\View\{closure}()
 4 SYSTEMPATH/Common.php(1171): CodeIgniter\View\View->render('Include/header', [], true)
 5 APPPATH/Views/Master/Department/view.php(14): view('Include/header')
 6 SYSTEMPATH/View/View.php(234): include('/home/sitsolutionsco/public_html/fts.sitsolutions.co.in/app/Views/Master/Department/view.php')
 7 SYSTEMPATH/View/View.php(237): CodeIgniter\View\View->CodeIgniter\View\{closure}()
 8 SYSTEMPATH/Common.php(1171): CodeIgniter\View\View->render('Master/Department/view', [], true)
 9 APPPATH/Controllers/Master/MasterController.php(24): view('Master/Department/view', [...])
10 SYSTEMPATH/CodeIgniter.php(933): App\Controllers\Master\MasterController->Department()
11 SYSTEMPATH/CodeIgniter.php(509): CodeIgniter\CodeIgniter->runController(Object(App\Controllers\Master\MasterController))
12 SYSTEMPATH/CodeIgniter.php(355): CodeIgniter\CodeIgniter->handleRequest(null, Object(Config\Cache), false)
13 SYSTEMPATH/Boot.php(334): CodeIgniter\CodeIgniter->run()
14 SYSTEMPATH/Boot.php(67): CodeIgniter\Boot::runCodeIgniter(Object(CodeIgniter\CodeIgniter))
15 FCPATH/index.php(56): CodeIgniter\Boot::bootWeb(Object(Config\Paths))
CRITICAL - 2025-02-02 20:27:16 --> ErrorException: Undefined array key "name"
[Method: GET, Route: adminDashboard]
in APPPATH/Views/Include/header.php on line 53.
 1 APPPATH/Views/Include/header.php(53): CodeIgniter\Debug\Exceptions->errorHandler(2, 'Undefined array key "name"', '/home/sitsolutionsco/public_html/fts.sitsolutions.co.in/app/Views/Include/header.php', 53)
 2 SYSTEMPATH/View/View.php(234): include('/home/sitsolutionsco/public_html/fts.sitsolutions.co.in/app/Views/Include/header.php')
 3 SYSTEMPATH/View/View.php(237): CodeIgniter\View\View->CodeIgniter\View\{closure}()
 4 SYSTEMPATH/Common.php(1171): CodeIgniter\View\View->render('Include/header', [], true)
 5 APPPATH/Views/Dashboard/adminDashboard.php(10): view('Include/header')
 6 SYSTEMPATH/View/View.php(234): include('/home/sitsolutionsco/public_html/fts.sitsolutions.co.in/app/Views/Dashboard/adminDashboard.php')
 7 SYSTEMPATH/View/View.php(237): CodeIgniter\View\View->CodeIgniter\View\{closure}()
 8 SYSTEMPATH/Common.php(1171): CodeIgniter\View\View->render('Dashboard/adminDashboard', [], true)
 9 APPPATH/Controllers/Dashboard/DashboardController.php(25): view('Dashboard/adminDashboard', [...])
10 SYSTEMPATH/CodeIgniter.php(933): App\Controllers\Dashboard\DashboardController->adminDashboard()
11 SYSTEMPATH/CodeIgniter.php(509): CodeIgniter\CodeIgniter->runController(Object(App\Controllers\Dashboard\DashboardController))
12 SYSTEMPATH/CodeIgniter.php(355): CodeIgniter\CodeIgniter->handleRequest(null, Object(Config\Cache), false)
13 SYSTEMPATH/Boot.php(334): CodeIgniter\CodeIgniter->run()
14 SYSTEMPATH/Boot.php(67): CodeIgniter\Boot::runCodeIgniter(Object(CodeIgniter\CodeIgniter))
15 FCPATH/index.php(56): CodeIgniter\Boot::bootWeb(Object(Config\Paths))
